Group indented lines:
public class Foo {
  // keep-sorted-test start group=yes
  private final Bar bar;
  private final Baz baz =
      new Baz();
  private final Foo foo;
  private final Qux qux;
  // keep-sorted-test end
}

Same thing but it's tabs:
public class Foo {
	// keep-sorted-test start group=yes
	private final Bar bar;
	private final Baz baz =
			new Baz();
	private final Foo foo;
	private final Qux qux;
	// keep-sorted-test end
}

Do not count indent from empty lines:
  // keep-sorted-test start

  a
  b
  c
  // keep-sorted-test end

Multiple indentions:
public class Foo {
  // keep-sorted-test start group=yes
  private final Bar bar;
  private final Baz baz =
      new
          Baz();
  private final Foo foo;
  private final Qux qux;
  // keep-sorted-test end
}

With sticky comments:
public class Foo {
  // keep-sorted-test start group=yes sticky_comments=yes
  private final Bar bar;
  // What a long line!
  private final Baz baz =
      new Baz();
  private final Foo foo;
  private final Qux qux;
  // keep-sorted-test end
}

Sorting doesn't take newline into account
// keep-sorted-test start group=yes
line
  1
line 2
line
  3
line 4
// keep-sorted-test end

With list separator
// keep-sorted-test start group=yes
Bar bar,
Baz
    baz,
Foo foo
// keep-sorted-test end

Without whitespace on unbroken lines
// keep-sorted-test start group=yes
SomeLongEnumTypeNameWithLongValueNames
    .A_SOME_LONG_ENUM_VALUE_THAT_REQUIRES_A_LINE_BREAK
SomeLongEnumTypeNameWithLongValueNames.B_SHORT_VALUE
SomeLongEnumTypeNameWithLongValueNames
    .C_SOME_LONG_ENUM_VALUE_THAT_REQUIRES_A_LINE_BREAK
SomeLongEnumTypeNameWithLongValueNames.D_SHORT_VALUE
// keep-sorted-test end

Without grouping:
public class Foo {
  // keep-sorted-test start group=no
      new Baz();
  private final Bar bar;
  private final Baz baz =
  private final Foo foo;
  private final Qux qux;
  // keep-sorted-test end
}

Indented markdown lists:
<!-- keep-sorted-test start group=yes -->

 * Bar
 * Baz
     * Philosophical conjecture
 * Foo
     * Wise insight

<!-- keep-sorted-test end -->

Nested keep-sorted
// keep-sorted-test start group=yes
private static final List<String> a = [
  // keep-sorted-test start
  "1",
  "2",
  "3"
  // keep-sorted-test end
  ];
private static final List<String> b = [
  // keep-sorted-test start
  "x",
  "y",
  "z"
  // keep-sorted-test end
  ];
// keep-sorted-test end

Nested keep-sorted, nested blocks change their number of lines.
// keep-sorted-test start group=yes
private static final List<String> a = [
  // keep-sorted-test start newline_separated=yes
  "1",

  "2",

  "3"
  // keep-sorted-test end
  ];
private static final List<String> b = [
  // keep-sorted-test start
  "x",
  "y"
  // keep-sorted-test end
  ];
// keep-sorted-test end

Nested keep-sorted without indentation
// keep-sorted-test start group=yes newline_separated=yes
// def
// keep-sorted-test start
1
2
3
// keep-sorted-test end

// abc
// keep-sorted-test start
a
b
c
// keep-sorted-test end

// keep-sorted-test end
