Skip two lines:
// keep-sorted-test start skip_lines=2
foo
bar
a
b
c
// keep-sorted-test end

Number of skipped lines is greater than block size, so block is ignored:
// keep-sorted-test start skip_lines=10
z
y
x
// keep-sorted-test end

Skipping lines with nested blocks:
<!-- keep-sorted-test start skip_lines=1 -->
This line should not be sorted.
### Table 1
  <!-- keep-sorted-test start skip_lines=2  -->
  Name    | Value
  ------- | -----
  Alpha   | Foo
  Bravo   | Bar
  Charlie | Baz
  Delta   | Qux
  <!-- keep-sorted-test end -->
### Table 2
  <!-- keep-sorted-test start skip_lines=2 -->
  Name    | Value
  ------- | -----
  Alpha   | Romeo
  Bravo   | Foxtrot
  <!-- keep-sorted-test end -->
<!-- keep-sorted-test end -->

Skip lines with group_prefixes:
// keep-sorted-test start skip_lines=2 group_prefixes=:
| birds        |
| ------------ |
| anhinga      |
| blue footed  |
: booby        |
| crested      |
: bobwhite     |
// keep-sorted-test end

Skip lines with group_prefixes indented:
// keep-sorted-test start skip_lines=2 group_prefixes=:
    | birds        |
    | ------------ |
    | anhinga      |
    | blue footed  |
    : booby        |
    | crested      |
    : bobwhite     |
// keep-sorted-test end
