Trailing comma except for last
  keep-sorted-test start
  1,
  2,
  3
  keep-sorted-test end


Trailing comma and a comment
  keep-sorted-test start
  1,
  2,
  3 # three
  keep-sorted-test end

Trailing comma except for last, last has a comment
  keep-sorted-test start
  1, <!-- one -->
  2,  <!-- two -->
  3
  keep-sorted-test end

Trailing comma and a comment, last has a comment
  keep-sorted-test start
  1,
  2,  -- two
  3 -- three
  keep-sorted-test end

Trailing commas with inline comment
  keep-sorted-test start
  "a", /* a */
  "b",
  "c" /* c */
  keep-sorted-test end

Trailing commas with quoted comment characters
TODO: https://github.com/google/keep-sorted/issues/33 - Fix this
  keep-sorted-test start
  "a, #"
  "b, //",
  "c",
  keep-sorted-test end
